[INFO] Scanning for projects...
[INFO] 
[INFO] Using the builder org.apache.maven.lifecycle.internal.builder.singlethreaded.SingleThreadedBuilder with a thread count of 1
[INFO]                                                                         
[INFO] ------------------------------------------------------------------------
[INFO] Building ireport Maven Webapp 0.1
[INFO] ------------------------------------------------------------------------
[INFO] 
[INFO] --- maven-clean-plugin:2.5:clean (default-clean) @ ireport ---
[INFO] Deleting d:\p\ireport\target
[INFO] 
[INFO] --- jasperreports-maven-plugin:1.0-beta-1:compile-reports (default) @ ireport ---
[INFO] Nothing to compile - all Jasper reports are up to date
[INFO] 
[INFO] --- maven-resources-plugin:2.6:resources (default-resources) @ ireport ---
[INFO] Using 'UTF-8' encoding to copy filtered resources.
[INFO] Copying 1 resource
[INFO] 
[INFO] --- maven-compiler-plugin:2.5.1:compile (default-compile) @ ireport ---
[INFO] Compiling 8 source files to d:\p\ireport\target\classes
[INFO] 
[INFO] --- maven-resources-plugin:2.6:testResources (default-testResources) @ ireport ---
[INFO] Using 'UTF-8' encoding to copy filtered resources.
[INFO] Copying 0 resource
[INFO] 
[INFO] --- maven-compiler-plugin:2.5.1:testCompile (default-testCompile) @ ireport ---
[INFO] Compiling 1 source file to d:\p\ireport\target\test-classes
[INFO] 
[INFO] --- maven-surefire-plugin:2.4.3:test (default-test) @ ireport ---
[INFO] Surefire report directory: d:\p\ireport\target\surefire-reports

-------------------------------------------------------
 T E S T S
-------------------------------------------------------
Running com.myallways.services.cxf.other.SampleCXFServiceImplTest
test generating!
Tests run: 1, Failures: 0, Errors: 0, Skipped: 0, Time elapsed: 0.022 sec

Results :

Tests run: 1, Failures: 0, Errors: 0, Skipped: 0

[INFO] 
[INFO] --- maven-war-plugin:2.2:war (default-war) @ ireport ---
[INFO] Packaging webapp
[INFO] Assembling webapp [ireport] in [d:\p\ireport\target\ireport]
[INFO] Processing war project
[INFO] Copying webapp resources [d:\p\ireport\src\main\webapp]
[INFO] Webapp assembled in [412 msecs]
[INFO] Building war: d:\p\ireport\target\ireport.war
[INFO] WEB-INF\web.xml already added, skipping
[INFO] 
[INFO] --- maven-install-plugin:2.4:install (default-install) @ ireport ---
[INFO] Installing d:\p\ireport\target\ireport.war to D:\heylear\java\repository\com\myallways\ireport\0.1\ireport-0.1.war
[INFO] Installing d:\p\ireport\pom.xml to D:\heylear\java\repository\com\myallways\ireport\0.1\ireport-0.1.pom
[INFO] 
[INFO] --- maven-dependency-plugin:2.9:sources (install) @ ireport ---
[INFO] 
[INFO] The following files have been resolved:
[INFO]    org.springframework:spring-expression:jar:sources:3.2.5.RELEASE:compile
[INFO]    xml-resolver:xml-resolver:jar:sources:1.2:compile
[INFO]    org.springframework:spring-aop:jar:sources:3.2.5.RELEASE:compile
[INFO]    org.apache.tomcat:tomcat-el-api:jar:sources:7.0.40:provided
[INFO]    org.apache.cxf:cxf-rt-core:jar:sources:2.7.11:compile
[INFO]    javax.inject:javax.inject:jar:sources:1:compile
[INFO]    org.springframework:spring-jdbc:jar:sources:3.2.5.RELEASE:compile
[INFO]    org.apache.cxf:cxf-rt-frontend-simple:jar:sources:2.7.11:compile
[INFO]    org.codehaus.jackson:jackson-core-asl:jar:sources:1.9.7:compile
[INFO]    org.apache.axis2:axis2-adb:jar:sources:1.6.2:compile
[INFO]    org.apache.ant:ant:jar:sources:1.7.0:compile
[INFO]    org.apache.geronimo.specs:geronimo-stax-api_1.0_spec:jar:sources:1.0.1:compile
[INFO]    commons-digester:commons-digester:jar:sources:2.0:compile
[INFO]    org.aspectj:aspectjweaver:jar:sources:1.7.3:compile
[INFO]    org.springframework.security:spring-security-web:jar:sources:3.1.4.RELEASE:compile
[INFO]    commons-beanutils:commons-beanutils:jar:sources:1.8.3:compile
[INFO]    org.jadira.usertype:usertype.core:jar:sources:3.0.0.GA:compile
[INFO]    org.apache.tiles:tiles-api:jar:sources:2.2.2:compile
[INFO]    org.apache.james:apache-mime4j-core:jar:sources:0.7.2:compile
[INFO]    org.freemarker:freemarker:jar:sources:2.3.19:compile
[INFO]    javax.servlet:jstl:jar:sources:1.2:compile
[INFO]    org.mockito:mockito-all:jar:sources:1.9.0:test
[INFO]    joda-time:joda-time-jsptags:jar:sources:1.1.1:compile
[INFO]    org.apache.cxf:cxf-rt-bindings-soap:jar:sources:2.7.11:compile
[INFO]    org.springframework.security:spring-security-config:jar:sources:3.1.4.RELEASE:compile
[INFO]    commons-pool:commons-pool:jar:sources:1.6:compile
[INFO]    com.sun.xml.bind:jaxb-impl:jar:sources:2.1.13:compile
[INFO]    org.apache.tiles:tiles-template:jar:sources:2.2.2:compile
[INFO]    org.springframework:spring-tx:jar:sources:3.2.5.RELEASE:compile
[INFO]    org.springframework:spring-context:jar:sources:3.2.5.RELEASE:compile
[INFO]    org.codehaus.woodstox:stax2-api:jar:sources:3.1.4:compile
[INFO]    org.springframework:spring-web:jar:sources:3.2.5.RELEASE:compile
[INFO]    org.codehaus.castor:castor:jar:sources:1.2:compile
[INFO]    org.codehaus.woodstox:woodstox-core-asl:jar:sources:4.2.1:compile
[INFO]    org.hibernate:hibernate-validator:jar:sources:4.3.1.Final:compile
[INFO]    commons-logging:commons-logging:jar:sources:1.1.1:compile
[INFO]    org.hibernate:hibernate-entitymanager:jar:sources:4.2.4.Final:compile
[INFO]    javax.validation:validation-api:jar:sources:1.0.0.GA:compile
[INFO]    org.apache.geronimo.specs:geronimo-javamail_1.4_spec:jar:sources:1.6:compile
[INFO]    org.apache.cxf:cxf-rt-databinding-jaxb:jar:sources:2.7.11:compile
[INFO]    org.apache.cxf:cxf-rt-frontend-jaxws:jar:sources:2.7.11:compile
[INFO]    org.springframework:spring-context-support:jar:sources:3.2.5.RELEASE:compile
[INFO]    commons-io:commons-io:jar:sources:2.4:compile
[INFO]    org.jadira.usertype:usertype.spi:jar:sources:3.0.0.GA:compile
[INFO]    org.apache.axis2:axis2-transport-local:jar:sources:1.6.2:compile
[INFO]    com.google.guava:guava:jar:sources:14.0.1:compile
[INFO]    org.apache.ws.xmlschema:xmlschema-core:jar:sources:2.1.0:compile
[INFO]    org.apache.axis2:axis2-kernel:jar:sources:1.6.2:compile
[INFO]    org.apache.ws.commons.axiom:axiom-impl:jar:sources:1.2.13:runtime
[INFO]    ch.qos.logback:logback-classic:jar:sources:1.0.13:compile
[INFO]    org.apache.tomcat:tomcat-servlet-api:jar:sources:7.0.40:provided
[INFO]    org.springframework.data:spring-data-jpa:jar:sources:1.3.4.RELEASE:compile
[INFO]    org.apache.woden:woden-api:jar:sources:1.0M9:compile
[INFO]    org.hibernate.javax.persistence:hibernate-jpa-2.0-api:jar:sources:1.0.1.Final:compile
[INFO]    org.springframework:spring-core:jar:sources:3.2.5.RELEASE:compile
[INFO]    org.apache.cxf:cxf-rt-transports-http:jar:sources:2.7.11:compile
[INFO]    org.apache.cxf:cxf-rt-bindings-xml:jar:sources:2.7.11:compile
[INFO]    org.springframework:spring-aspects:jar:sources:3.2.5.RELEASE:compile
[INFO]    org.lazyluke:log4jdbc-remix:jar:sources:0.2.7:compile
[INFO]    org.apache.geronimo.specs:geronimo-jta_1.1_spec:jar:sources:1.1:compile
[INFO]    aopalliance:aopalliance:jar:sources:1.0:compile
[INFO]    org.javassist:javassist:jar:sources:3.15.0-GA:compile
[INFO]    org.codehaus.woodstox:wstx-asl:jar:sources:3.2.9:runtime
[INFO]    dom4j:dom4j:jar:sources:1.6.1:compile
[INFO]    org.bouncycastle:bcprov-jdk14:jar:sources:1.38:compile
[INFO]    org.apache.geronimo.specs:geronimo-ws-metadata_2.0_spec:jar:sources:1.1.2:compile
[INFO]    org.apache.tomcat:tomcat-jsp-api:jar:sources:7.0.40:provided
[INFO]    org.apache.tiles:tiles-core:jar:sources:2.2.2:compile
[INFO]    javax.transaction:jta:jar:sources:1.1:compile
[INFO]    org.apache.geronimo.specs:geronimo-activation_1.1_spec:jar:sources:1.0.2:compile
[INFO]    org.bouncycastle:bctsp-jdk14:jar:sources:1.38:compile
[INFO]    org.springframework.security:spring-security-acl:jar:sources:3.1.4.RELEASE:compile
[INFO]    org.apache.httpcomponents:httpcore:jar:sources:4.0:compile
[INFO]    com.lowagie:itext:jar:sources:2.1.7:compile
[INFO]    org.apache.tiles:tiles-jsp:jar:sources:2.2.2:compile
[INFO]    org.apache.ws.commons.schema:XmlSchema:jar:sources:1.4.7:compile
[INFO]    org.springframework:spring-test:jar:sources:3.2.5.RELEASE:test
[INFO]    jaxen:jaxen:jar:sources:1.1.3:compile
[INFO]    commons-collections:commons-collections:jar:sources:3.2.1:compile
[INFO]    joda-time:joda-time:jar:sources:2.2:compile
[INFO]    javax.servlet:servlet-api:jar:sources:2.3:compile
[INFO]    org.apache.commons:commons-lang3:jar:sources:3.1:compile
[INFO]    org.apache.cxf:cxf-rt-ws-policy:jar:sources:2.7.11:compile
[INFO]    org.springframework:spring-webmvc:jar:sources:3.2.5.RELEASE:compile
[INFO]    commons-codec:commons-codec:jar:sources:1.5:compile
[INFO]    org.springframework:spring-beans:jar:sources:3.2.5.RELEASE:compile
[INFO]    org.apache.cxf:cxf-api:jar:sources:2.7.11:compile
[INFO]    org.apache.tiles:tiles-servlet:jar:sources:2.2.2:compile
[INFO]    org.apache.ws.commons.axiom:axiom-api:jar:sources:1.2.13:compile
[INFO]    org.apache.axis2:axis2-codegen:jar:sources:1.6.2:compile
[INFO]    com.fasterxml.jackson.core:jackson-annotations:jar:sources:2.0.5:compile
[INFO]    org.slf4j:jcl-over-slf4j:jar:sources:1.7.5:compile
[INFO]    org.codehaus.jackson:jackson-mapper-asl:jar:sources:1.9.7:compile
[INFO]    org.springframework.security:spring-security-taglibs:jar:sources:3.1.4.RELEASE:compile
[INFO]    com.fasterxml.jackson.core:jackson-core:jar:sources:2.0.5:compile
[INFO]    net.sf.dozer:dozer:jar:sources:5.4.0:compile
[INFO]    commons-httpclient:commons-httpclient:jar:sources:3.1:compile
[INFO]    org.apache.cxf:cxf-rt-ws-addr:jar:sources:2.7.11:compile
[INFO]    org.apache.poi:poi:jar:sources:3.10-FINAL:compile
[INFO]    org.aspectj:aspectjrt:jar:sources:1.7.3:compile
[INFO]    org.apache.neethi:neethi:jar:sources:3.0.2:compile
[INFO]    org.apache.woden:woden-impl-dom:jar:sources:1.0M9:compile
[INFO]    org.springframework.security:spring-security-core:jar:sources:3.1.4.RELEASE:compile
[INFO]    org.apache.axis2:axis2-transport-http:jar:sources:1.6.2:compile
[INFO]    net.sf.jasperreports:jasperreports:jar:sources:5.2.0:compile
[INFO]    org.hibernate.common:hibernate-commons-annotations:jar:sources:4.0.2.Final:compile
[INFO]    org.bouncycastle:bcmail-jdk14:jar:sources:1.38:compile
[INFO]    junit:junit:jar:sources:4.7:test
[INFO]    com.fasterxml.jackson.core:jackson-databind:jar:sources:2.0.5:compile
[INFO]    org.hibernate:hibernate-core:jar:sources:4.2.4.Final:compile
[INFO]    org.slf4j:slf4j-api:jar:sources:1.7.5:compile
[INFO]    wsdl4j:wsdl4j:jar:sources:1.6.2:compile
[INFO]    org.springframework:spring-orm:jar:sources:3.2.5.RELEASE:compile
[INFO]    ch.qos.logback:logback-core:jar:sources:1.0.13:compile
[INFO]    commons-fileupload:commons-fileupload:jar:sources:1.2:compile
[INFO]    org.jboss.logging:jboss-logging:jar:sources:3.1.0.GA:compile
[INFO]    org.apache.axis2:axis2-java2wsdl:jar:sources:1.6.2:compile
[INFO]    org.jboss.spec.javax.transaction:jboss-transaction-api_1.1_spec:jar:sources:1.0.1.Final:compile
[INFO]    org.springframework.data:spring-data-commons:jar:sources:1.5.2.RELEASE:compile
[INFO]    org.apache.woden:woden-impl-commons:jar:sources:1.0M9:compile
[INFO]    javax.ws.rs:jsr311-api:jar:sources:1.0:compile
[INFO]    com.h2database:h2:jar:sources:1.4.182:provided
[INFO] 
[INFO] The following files have NOT been resolved:
[INFO]    bouncycastle:bcprov-jdk14:jar:sources:138:compile
[INFO]    com.itextpdf:itext-asian:jar:sources:5.2.0:compile
[INFO]    org.apache.ant:ant-launcher:jar:sources:1.7.0:compile
[INFO]    eclipse:jdtcore:jar:sources:3.1.0:compile
[INFO]    xml-apis:xml-apis:jar:sources:1.3.02:compile
[INFO]    commons-dbcp:commons-dbcp:jar:sources:1.2.2:compile
[INFO]    asm:asm:jar:sources:3.3.1:compile
[INFO]    jfree:jcommon:jar:sources:1.0.15:compile
[INFO]    antlr:antlr:jar:sources:2.7.7:compile
[INFO]    bouncycastle:bcmail-jdk14:jar:sources:138:compile
[INFO]    jfree:jfreechart:jar:sources:1.0.12:compile
[INFO] 
[INFO] 
[INFO] --- maven-dependency-plugin:2.9:tree (default-cli) @ ireport ---
[INFO] com.myallways:ireport:war:0.1
[INFO] +- com.google.guava:guava:jar:14.0.1:compile
[INFO] +- commons-beanutils:commons-beanutils:jar:1.8.3:compile
[INFO] +- commons-collections:commons-collections:jar:3.2.1:compile
[INFO] +- commons-io:commons-io:jar:2.4:compile
[INFO] +- commons-dbcp:commons-dbcp:jar:1.2.2:compile
[INFO] +- commons-pool:commons-pool:jar:1.6:compile
[INFO] +- org.apache.commons:commons-lang3:jar:3.1:compile
[INFO] +- org.apache.tiles:tiles-core:jar:2.2.2:compile
[INFO] |  +- org.apache.tiles:tiles-api:jar:2.2.2:compile
[INFO] |  \- commons-digester:commons-digester:jar:2.0:compile
[INFO] +- org.apache.tiles:tiles-jsp:jar:2.2.2:compile
[INFO] |  +- org.apache.tiles:tiles-servlet:jar:2.2.2:compile
[INFO] |  \- org.apache.tiles:tiles-template:jar:2.2.2:compile
[INFO] +- net.sf.dozer:dozer:jar:5.4.0:compile
[INFO] +- joda-time:joda-time:jar:2.2:compile
[INFO] +- joda-time:joda-time-jsptags:jar:1.1.1:compile
[INFO] +- org.jadira.usertype:usertype.core:jar:3.0.0.GA:compile
[INFO] |  \- org.jadira.usertype:usertype.spi:jar:3.0.0.GA:compile
[INFO] +- org.codehaus.jackson:jackson-core-asl:jar:1.9.7:compile
[INFO] +- org.codehaus.jackson:jackson-mapper-asl:jar:1.9.7:compile
[INFO] +- org.hibernate:hibernate-core:jar:4.2.4.Final:compile
[INFO] |  +- antlr:antlr:jar:2.7.7:compile
[INFO] |  +- org.jboss.logging:jboss-logging:jar:3.1.0.GA:compile
[INFO] |  +- dom4j:dom4j:jar:1.6.1:compile
[INFO] |  +- org.jboss.spec.javax.transaction:jboss-transaction-api_1.1_spec:jar:1.0.1.Final:compile
[INFO] |  +- org.hibernate.common:hibernate-commons-annotations:jar:4.0.2.Final:compile
[INFO] |  \- org.javassist:javassist:jar:3.15.0-GA:compile
[INFO] +- org.hibernate:hibernate-entitymanager:jar:4.2.4.Final:compile
[INFO] +- org.hibernate.javax.persistence:hibernate-jpa-2.0-api:jar:1.0.1.Final:compile
[INFO] +- org.hibernate:hibernate-validator:jar:4.3.1.Final:compile
[INFO] |  \- javax.validation:validation-api:jar:1.0.0.GA:compile
[INFO] +- org.slf4j:jcl-over-slf4j:jar:1.7.5:compile
[INFO] +- org.slf4j:slf4j-api:jar:1.7.5:compile
[INFO] +- ch.qos.logback:logback-classic:jar:1.0.13:compile
[INFO] |  \- ch.qos.logback:logback-core:jar:1.0.13:compile
[INFO] +- org.lazyluke:log4jdbc-remix:jar:0.2.7:compile
[INFO] +- org.aspectj:aspectjrt:jar:1.7.3:compile
[INFO] +- org.aspectj:aspectjweaver:jar:1.7.3:compile
[INFO] +- org.springframework:spring-aop:jar:3.2.5.RELEASE:compile
[INFO] |  +- aopalliance:aopalliance:jar:1.0:compile
[INFO] |  +- org.springframework:spring-beans:jar:3.2.5.RELEASE:compile
[INFO] |  \- org.springframework:spring-core:jar:3.2.5.RELEASE:compile
[INFO] +- org.springframework:spring-aspects:jar:3.2.5.RELEASE:compile
[INFO] +- org.springframework:spring-context:jar:3.2.5.RELEASE:compile
[INFO] |  \- org.springframework:spring-expression:jar:3.2.5.RELEASE:compile
[INFO] +- org.springframework:spring-context-support:jar:3.2.5.RELEASE:compile
[INFO] +- org.springframework:spring-orm:jar:3.2.5.RELEASE:compile
[INFO] |  +- org.springframework:spring-jdbc:jar:3.2.5.RELEASE:compile
[INFO] |  \- org.springframework:spring-tx:jar:3.2.5.RELEASE:compile
[INFO] +- org.springframework:spring-webmvc:jar:3.2.5.RELEASE:compile
[INFO] |  \- org.springframework:spring-web:jar:3.2.5.RELEASE:compile
[INFO] +- org.springframework.data:spring-data-commons:jar:1.5.2.RELEASE:compile
[INFO] +- org.springframework.data:spring-data-jpa:jar:1.3.4.RELEASE:compile
[INFO] +- org.springframework.security:spring-security-config:jar:3.1.4.RELEASE:compile
[INFO] +- org.springframework.security:spring-security-core:jar:3.1.4.RELEASE:compile
[INFO] +- org.springframework.security:spring-security-taglibs:jar:3.1.4.RELEASE:compile
[INFO] |  \- org.springframework.security:spring-security-acl:jar:3.1.4.RELEASE:compile
[INFO] +- org.springframework.security:spring-security-web:jar:3.1.4.RELEASE:compile
[INFO] +- org.springframework:spring-test:jar:3.2.5.RELEASE:test
[INFO] +- junit:junit:jar:4.7:test
[INFO] +- org.mockito:mockito-all:jar:1.9.0:test
[INFO] +- org.apache.tomcat:tomcat-servlet-api:jar:7.0.40:provided
[INFO] +- org.apache.tomcat:tomcat-jsp-api:jar:7.0.40:provided
[INFO] |  \- org.apache.tomcat:tomcat-el-api:jar:7.0.40:provided
[INFO] +- javax.servlet:jstl:jar:1.2:compile
[INFO] +- javax.transaction:jta:jar:1.1:compile
[INFO] +- javax.inject:javax.inject:jar:1:compile
[INFO] +- com.h2database:h2:jar:1.4.182:provided
[INFO] +- org.apache.axis2:axis2-kernel:jar:1.6.2:compile
[INFO] |  +- org.apache.ws.commons.axiom:axiom-api:jar:1.2.13:compile
[INFO] |  |  +- jaxen:jaxen:jar:1.1.3:compile
[INFO] |  |  +- org.apache.geronimo.specs:geronimo-stax-api_1.0_spec:jar:1.0.1:compile
[INFO] |  |  \- org.apache.james:apache-mime4j-core:jar:0.7.2:compile
[INFO] |  +- org.apache.ws.commons.axiom:axiom-impl:jar:1.2.13:runtime
[INFO] |  |  \- org.codehaus.woodstox:wstx-asl:jar:3.2.9:runtime
[INFO] |  +- org.apache.geronimo.specs:geronimo-ws-metadata_2.0_spec:jar:1.1.2:compile
[INFO] |  +- org.apache.geronimo.specs:geronimo-jta_1.1_spec:jar:1.1:compile
[INFO] |  +- javax.servlet:servlet-api:jar:2.3:compile
[INFO] |  +- commons-httpclient:commons-httpclient:jar:3.1:compile
[INFO] |  +- commons-fileupload:commons-fileupload:jar:1.2:compile
[INFO] |  +- wsdl4j:wsdl4j:jar:1.6.2:compile
[INFO] |  +- org.apache.ws.commons.schema:XmlSchema:jar:1.4.7:compile
[INFO] |  +- org.apache.neethi:neethi:jar:3.0.2:compile
[INFO] |  +- org.apache.woden:woden-api:jar:1.0M9:compile
[INFO] |  +- org.apache.woden:woden-impl-dom:jar:1.0M9:compile
[INFO] |  |  \- org.apache.woden:woden-impl-commons:jar:1.0M9:compile
[INFO] |  +- commons-logging:commons-logging:jar:1.1.1:compile
[INFO] |  \- javax.ws.rs:jsr311-api:jar:1.0:compile
[INFO] +- org.apache.axis2:axis2-java2wsdl:jar:1.6.2:compile
[INFO] |  +- org.apache.axis2:axis2-transport-http:jar:1.6.2:compile
[INFO] |  |  \- org.apache.httpcomponents:httpcore:jar:4.0:compile
[INFO] |  +- org.apache.axis2:axis2-transport-local:jar:1.6.2:compile
[INFO] |  +- org.apache.ant:ant:jar:1.7.0:compile
[INFO] |  |  \- org.apache.ant:ant-launcher:jar:1.7.0:compile
[INFO] |  \- org.apache.geronimo.specs:geronimo-javamail_1.4_spec:jar:1.6:compile
[INFO] +- org.apache.axis2:axis2-codegen:jar:1.6.2:compile
[INFO] +- org.apache.axis2:axis2-adb:jar:1.6.2:compile
[INFO] |  \- org.apache.geronimo.specs:geronimo-activation_1.1_spec:jar:1.0.2:compile
[INFO] +- org.apache.poi:poi:jar:3.10-FINAL:compile
[INFO] |  \- commons-codec:commons-codec:jar:1.5:compile
[INFO] +- org.freemarker:freemarker:jar:2.3.19:compile
[INFO] +- com.itextpdf:itext-asian:jar:5.2.0:compile
[INFO] +- com.lowagie:itext:jar:2.1.7:compile
[INFO] |  +- bouncycastle:bcmail-jdk14:jar:138:compile
[INFO] |  +- bouncycastle:bcprov-jdk14:jar:138:compile
[INFO] |  \- org.bouncycastle:bctsp-jdk14:jar:1.38:compile
[INFO] |     +- org.bouncycastle:bcprov-jdk14:jar:1.38:compile
[INFO] |     \- org.bouncycastle:bcmail-jdk14:jar:1.38:compile
[INFO] +- net.sf.jasperreports:jasperreports:jar:5.2.0:compile
[INFO] |  +- jfree:jcommon:jar:1.0.15:compile
[INFO] |  +- jfree:jfreechart:jar:1.0.12:compile
[INFO] |  +- xml-apis:xml-apis:jar:1.3.02:compile
[INFO] |  +- eclipse:jdtcore:jar:3.1.0:compile
[INFO] |  +- org.codehaus.castor:castor:jar:1.2:compile
[INFO] |  +- com.fasterxml.jackson.core:jackson-core:jar:2.0.5:compile
[INFO] |  +- com.fasterxml.jackson.core:jackson-databind:jar:2.0.5:compile
[INFO] |  \- com.fasterxml.jackson.core:jackson-annotations:jar:2.0.5:compile
[INFO] +- org.apache.cxf:cxf-rt-transports-http:jar:2.7.11:compile
[INFO] |  +- org.apache.cxf:cxf-api:jar:2.7.11:compile
[INFO] |  |  +- org.codehaus.woodstox:woodstox-core-asl:jar:4.2.1:compile
[INFO] |  |  |  \- org.codehaus.woodstox:stax2-api:jar:3.1.4:compile
[INFO] |  |  \- org.apache.ws.xmlschema:xmlschema-core:jar:2.1.0:compile
[INFO] |  \- org.apache.cxf:cxf-rt-core:jar:2.7.11:compile
[INFO] |     \- com.sun.xml.bind:jaxb-impl:jar:2.1.13:compile
[INFO] \- org.apache.cxf:cxf-rt-frontend-jaxws:jar:2.7.11:compile
[INFO]    +- xml-resolver:xml-resolver:jar:1.2:compile
[INFO]    +- asm:asm:jar:3.3.1:compile
[INFO]    +- org.apache.cxf:cxf-rt-bindings-soap:jar:2.7.11:compile
[INFO]    |  \- org.apache.cxf:cxf-rt-databinding-jaxb:jar:2.7.11:compile
[INFO]    +- org.apache.cxf:cxf-rt-bindings-xml:jar:2.7.11:compile
[INFO]    +- org.apache.cxf:cxf-rt-frontend-simple:jar:2.7.11:compile
[INFO]    \- org.apache.cxf:cxf-rt-ws-addr:jar:2.7.11:compile
[INFO]       \- org.apache.cxf:cxf-rt-ws-policy:jar:2.7.11:compile
[INFO] ------------------------------------------------------------------------
[INFO] BUILD SUCCESS
[INFO] ------------------------------------------------------------------------
[INFO] Total time: 8.168 s
[INFO] Finished at: 2014-12-02T23:41:26+08:00
[INFO] Final Memory: 22M/53M
[INFO] ------------------------------------------------------------------------
